<?xml version="1.0" encoding="UTF-8"?>
<!-- Generated by org.testng.reporters.JUnitReportReporter -->
<testsuite hostname="LAPTOP-J7UF7I4K" failures="0" tests="1" name="VTiger.CreateOrganizationWithIndustries" time="11.009" errors="0" timestamp="2024-08-08T18:04:26 IST" skipped="0">
  <testcase classname="VTiger.CreateOrganizationWithIndustries" name="testCase" time="11.009">
    <system-out>
      <![CDATA[testCase is Started !
onTestSuccess]]>
    </system-out>
  </testcase> <!-- testCase -->
  <system-out>
    <![CDATA[testCase is Started !
onTestSuccess]]>
  </system-out>
</testsuite> <!-- VTiger.CreateOrganizationWithIndustries -->
