<?xml version="1.0" encoding="UTF-8"?>
<!-- Generated by org.testng.reporters.JUnitReportReporter -->
<testsuite hostname="LAPTOP-J7UF7I4K" failures="0" tests="1" name="DWSFinalMock.DWS_Task04" time="5.456" errors="0" timestamp="2024-08-08T17:14:15 IST" skipped="0">
  <testcase classname="DWSFinalMock.DWS_Task04" name="taskNo4" time="5.456"/>
</testsuite> <!-- DWSFinalMock.DWS_Task04 -->
