<?xml version="1.0" encoding="UTF-8"?>
<!-- Generated by org.testng.reporters.JUnitReportReporter -->
<testsuite hostname="LAPTOP-J7UF7I4K" failures="0" tests="1" name="DWSFinalMock.DWS_Task3" time="24.044" errors="0" timestamp="2024-08-08T17:07:12 IST" skipped="0">
  <testcase classname="DWSFinalMock.DWS_Task3" name="testCases" time="24.044"/>
</testsuite> <!-- DWSFinalMock.DWS_Task3 -->
