<?xml version="1.0" encoding="UTF-8"?>
<!-- Generated by org.testng.reporters.JUnitReportReporter -->
<testsuite hostname="LAPTOP-J7UF7I4K" failures="0" tests="1" name="VTiger.NewContact" time="15.056" errors="0" timestamp="2024-08-08T18:03:48 IST" skipped="0">
  <testcase classname="VTiger.NewContact" name="testCase" time="15.056">
    <system-out>
      <![CDATA[testCase is Started !
onTestSuccess]]>
    </system-out>
  </testcase> <!-- testCase -->
  <system-out>
    <![CDATA[testCase is Started !
onTestSuccess]]>
  </system-out>
</testsuite> <!-- VTiger.NewContact -->
