<?xml version="1.0" encoding="UTF-8"?>
<!-- Generated by org.testng.reporters.JUnitReportReporter -->
<testsuite hostname="LAPTOP-J7UF7I4K" failures="0" tests="1" name="DWSFinalMock.testng" time="0.076" errors="0" timestamp="2024-08-08T16:26:52 IST" skipped="0">
  <testcase classname="DWSFinalMock.testng" name="test" time="0.076"/>
</testsuite> <!-- DWSFinalMock.testng -->
